<?xml version="1.0" encoding="UTF-8"?>
<testng-results skipped="0" failed="0" ignored="0" total="1" passed="1">
  <reporter-output>
  </reporter-output>
  <suite name="Default suite" duration-ms="26140" started-at="2018-12-16T15:45:51Z" finished-at="2018-12-16T15:46:17Z">
    <groups>
    </groups>
    <test name="Default test" duration-ms="26140" started-at="2018-12-16T15:45:51Z" finished-at="2018-12-16T15:46:17Z">
      <class name="mavenTestRepo.mavenTest.FirstTest">
        <test-method status="PASS" signature="launchUrl()[pri:0, instance:mavenTestRepo.mavenTest.FirstTest@28feb3fa]" name="launchUrl" duration-ms="26093" started-at="2018-12-16T21:15:51Z" finished-at="2018-12-16T21:16:17Z">
          <reporter-output>
          </reporter-output>
        </test-method> <!-- launchUrl -->
      </class> <!-- mavenTestRepo.mavenTest.FirstTest -->
    </test> <!-- Default test -->
  </suite> <!-- Default suite -->
</testng-results>
