<?xml version="1.0" encoding="UTF-8"?>
<testng-results skipped="0" failed="0" ignored="0" total="1" passed="1">
  <reporter-output>
  </reporter-output>
  <suite name="Default suite" duration-ms="49683" started-at="2018-12-17T17:39:38Z" finished-at="2018-12-17T17:40:27Z">
    <groups>
    </groups>
    <test name="Default test" duration-ms="49683" started-at="2018-12-17T17:39:38Z" finished-at="2018-12-17T17:40:27Z">
      <class name="mavenTestRepo.mavenTest.TestPassionTea">
        <test-method status="PASS" signature="setUp()[pri:0, instance:mavenTestRepo.mavenTest.TestPassionTea@cb5822]" name="setUp" is-config="true" duration-ms="44155" started-at="2018-12-17T23:09:38Z" finished-at="2018-12-17T23:10:22Z">
          <reporter-output>
          </reporter-output>
        </test-method> <!-- setUp -->
        <test-method status="PASS" signature="testTeaName()[pri:0, instance:mavenTestRepo.mavenTest.TestPassionTea@cb5822]" name="testTeaName" duration-ms="4005" started-at="2018-12-17T23:10:22Z" finished-at="2018-12-17T23:10:26Z">
          <reporter-output>
          </reporter-output>
        </test-method> <!-- testTeaName -->
        <test-method status="PASS" signature="tearDown()[pri:0, instance:mavenTestRepo.mavenTest.TestPassionTea@cb5822]" name="tearDown" is-config="true" duration-ms="1449" started-at="2018-12-17T23:10:26Z" finished-at="2018-12-17T23:10:27Z">
          <reporter-output>
          </reporter-output>
        </test-method> <!-- tearDown -->
      </class> <!-- mavenTestRepo.mavenTest.TestPassionTea -->
    </test> <!-- Default test -->
  </suite> <!-- Default suite -->
</testng-results>
